[15Dec2024 00:00:56.376] [Server thread/INFO] [net.minecraft.server.MinecraftServer/]: [Not Secure] <DuckZJ> momento de buscar un lugar para mi casa
[15Dec2024 00:02:44.393] [Server thread/INFO] [net.minecraft.server.MinecraftServer/]: [Not Secure] <DuckZJ> serpiente de mierda
[15Dec2024 00:04:44.020] [Server thread/INFO] [net.minecraftforge.common.AdvancementLoadFix/]: Using new advancement loading for net.minecraft.server.PlayerAdvancements@69450263
[15Dec2024 00:04:44.024] [Server thread/INFO] [net.minecraft.server.players.PlayerList/]: Ssauromm[/127.120.84.214:48775] logged in with entity id 101371 at (-1983.9326031665519, 70.0, 1099.4354054730659)
[15Dec2024 00:04:44.027] [Server thread/INFO] [net.minecraft.server.MinecraftServer/]: Ssauromm joined the game
[15Dec2024 00:04:44.511] [Server thread/INFO] [voicechat/]: [voicechat] Received secret request of Ssauromm (18)
[15Dec2024 00:04:44.511] [Server thread/INFO] [voicechat/]: [voicechat] Sent secret to Ssauromm
[15Dec2024 00:04:49.539] [Server thread/INFO] [net.minecraft.server.MinecraftServer/]: [Not Secure] <Ssauromm> volvi
[15Dec2024 00:05:06.836] [Worker-Main-3/WARN] [ModernFix/]: The namespace betterstrongholds contains an outdated structure file, which can cause worldgen lag. Please view debug.log for the full filename, determine which mod provides the structure, and report to the mod/datapack author, including the debug log.
[15Dec2024 00:05:24.426] [Server thread/INFO] [net.minecraft.server.MinecraftServer/]: [Not Secure] <DuckZJ> que mierda que es la noche
[15Dec2024 00:05:30.121] [Server thread/INFO] [net.minecraft.server.MinecraftServer/]: [Not Secure] <Ssauromm> por?
[15Dec2024 00:05:30.271] [Server thread/INFO] [net.minecraft.server.MinecraftServer/]: [Not Secure] <DuckZJ> te quiere matar todo
[15Dec2024 00:05:32.661] [Server thread/INFO] [net.minecraft.server.MinecraftServer/]: [Not Secure] <Ssauromm> a
[15Dec2024 00:06:34.634] [Server thread/INFO] [net.minecraft.server.MinecraftServer/]: [Not Secure] <Blasv1901121> andaba afk xd
[15Dec2024 00:06:42.400] [Server thread/INFO] [net.minecraft.server.MinecraftServer/]: [Not Secure] <Blasv1901121> volvi muchachos
[15Dec2024 00:06:44.625] [Server thread/INFO] [net.minecraft.server.MinecraftServer/]: [Not Secure] <Blasv1901121> duck
[15Dec2024 00:06:53.652] [Server thread/INFO] [net.minecraft.server.MinecraftServer/]: [Not Secure] <DuckZJ> q
[15Dec2024 00:06:53.686] [Server thread/INFO] [net.minecraft.server.MinecraftServer/]: [Not Secure] <Blasv1901121> para subir de nivel cuesta
[15Dec2024 00:06:55.821] [Worker-Main-3/WARN] [ModernFix/]: The namespace takesapillage contains an outdated structure file, which can cause worldgen lag. Please view debug.log for the full filename, determine which mod provides the structure, and report to the mod/datapack author, including the debug log.
[15Dec2024 00:06:57.371] [Server thread/INFO] [net.minecraft.server.MinecraftServer/]: [Not Secure] <Blasv1901121> 18 bloques de oro
[15Dec2024 00:07:02.086] [Server thread/INFO] [net.minecraft.server.MinecraftServer/]: [Not Secure] <DuckZJ> poquito
[15Dec2024 00:07:08.330] [Server thread/INFO] [net.minecraft.world.entity.npc.Villager/]: Villager Villager['Villager'/101456, l='ServerLevel[Permatrago]', x=-1978.97, y=63.00, z=1041.50] died, message: 'Villager was slain by Zombie'
[15Dec2024 00:07:17.081] [Server thread/INFO] [net.minecraft.server.MinecraftServer/]: [Not Secure] <Blasv1901121> mba
[15Dec2024 00:07:28.463] [Server thread/INFO] [net.minecraft.world.entity.npc.Villager/]: Villager Villager['Villager'/101489, l='ServerLevel[Permatrago]', x=-1985.50, y=69.56, z=1095.50] died, message: 'Villager bled to death from injuries caused by Zombie'
[15Dec2024 00:08:18.470] [Server thread/INFO] [net.minecraft.server.MinecraftServer/]: [Not Secure] <Ssauromm> si
[15Dec2024 00:08:20.469] [Server thread/INFO] [net.minecraft.server.MinecraftServer/]: [Not Secure] <Ssauromm> gma
